<?xml version="1.0" encoding="UTF-8"?>
<testsuite name="branham.joel.CircleManagerTest" tests="4" skipped="0" failures="0" errors="0" timestamp="2017-09-14T01:18:59" hostname="Joel" time="0.004">
  <properties/>
  <testcase name="testUpdateCircleColorWhenTwoCirclesOverlapUsingMockRandom" classname="branham.joel.CircleManagerTest" time="0.001"/>
  <testcase name="testConstructor" classname="branham.joel.CircleManagerTest" time="0.0"/>
  <testcase name="testUpdateCircleColorUpdatesColorsUsingMockRandom1" classname="branham.joel.CircleManagerTest" time="0.0"/>
  <testcase name="testUpdateCircleColorUpdatesColorsUsingMockRandom2" classname="branham.joel.CircleManagerTest" time="0.002"/>
  <system-out><![CDATA[]]></system-out>
  <system-err><![CDATA[]]></system-err>
</testsuite>
