<?xml version="1.0" encoding="UTF-8"?>
<testsuite name="edu.jsu.mcis.CustomWidgetTest" tests="1" skipped="0" failures="0" errors="0" timestamp="2017-02-12T05:58:05" hostname="Joel" time="0.085">
  <properties/>
  <testcase name="testOctagonIsInitiallyDeselected" classname="edu.jsu.mcis.CustomWidgetTest" time="0.085"/>
  <system-out><![CDATA[]]></system-out>
  <system-err><![CDATA[]]></system-err>
</testsuite>
