<?xml version="1.0" encoding="UTF-8"?>
<testsuite name="branham.joel.CircleCanvasTest" tests="1" skipped="0" failures="0" errors="0" timestamp="2017-09-14T01:18:59" hostname="Joel" time="0.068">
  <properties/>
  <testcase name="testResetCircles" classname="branham.joel.CircleCanvasTest" time="0.068"/>
  <system-out><![CDATA[]]></system-out>
  <system-err><![CDATA[]]></system-err>
</testsuite>
