<?xml version="1.0" encoding="UTF-8"?>
<testsuite name="edu.jsu.mcis.ShapeModelTest" tests="7" skipped="0" failures="0" errors="0" timestamp="2017-02-12T05:58:05" hostname="Joel" time="0.003">
  <properties/>
  <testcase name="testSquareWhereIntended" classname="edu.jsu.mcis.ShapeModelTest" time="0.001"/>
  <testcase name="testOctagonIsCorrectWidth" classname="edu.jsu.mcis.ShapeModelTest" time="0.0"/>
  <testcase name="testSelectingShape" classname="edu.jsu.mcis.ShapeModelTest" time="0.001"/>
  <testcase name="testShapesNotSelectedUponCreation" classname="edu.jsu.mcis.ShapeModelTest" time="0.0"/>
  <testcase name="testOctagonIsCorrectWidth2" classname="edu.jsu.mcis.ShapeModelTest" time="0.0"/>
  <testcase name="testHexagonIsCorrectWidth2" classname="edu.jsu.mcis.ShapeModelTest" time="0.0"/>
  <testcase name="testHexagonIsCorrectWidth" classname="edu.jsu.mcis.ShapeModelTest" time="0.0"/>
  <system-out><![CDATA[]]></system-out>
  <system-err><![CDATA[]]></system-err>
</testsuite>
